<?xml version="1.0" encoding="UTF-8"?>
<!-- Generated by org.testng.reporters.JUnitReportReporter -->
<testsuite hostname="DESKTOP-I61EELI" failures="0" tests="1" name="test.TestCase12" time="38.063" errors="0" timestamp="2024-12-13T19:30:20 IST" skipped="0">
  <testcase classname="test.TestCase12" name="userselectmethod" time="38.063"/>
  <system-out>
    <![CDATA[Test case is sucess generated by listeneres]]>
  </system-out>
</testsuite> <!-- test.TestCase12 -->
