<?xml version="1.0" encoding="UTF-8"?>
<!-- Generated by org.testng.reporters.JUnitReportReporter -->
<testsuite hostname="DESKTOP-I61EELI" failures="0" tests="1" name="test.TestCase4" time="31.516" errors="0" timestamp="2024-12-12T12:11:19 IST" skipped="0">
  <testcase classname="test.TestCase4" name="useredit" time="31.516"/>
  <system-out>
    <![CDATA[Test case is sucess generated by listeneres]]>
  </system-out>
</testsuite> <!-- test.TestCase4 -->
