<?xml version="1.0" encoding="UTF-8"?>
<!-- Generated by org.testng.reporters.JUnitReportReporter -->
<testsuite hostname="DESKTOP-I61EELI" failures="0" tests="1" name="test.TestCase6" time="55.405" errors="0" timestamp="2024-12-12T14:04:59 IST" skipped="0">
  <testcase classname="test.TestCase6" name="searchingfilter" time="55.405"/>
  <system-out>
    <![CDATA[Test case is sucess generated by listeneres]]>
  </system-out>
</testsuite> <!-- test.TestCase6 -->
