<?xml version="1.0" encoding="UTF-8"?>
<!-- Generated by org.testng.reporters.JUnitReportReporter -->
<testsuite hostname="DESKTOP-I61EELI" failures="0" tests="1" name="test.TestCase13" time="40.886" errors="0" timestamp="2024-12-13T20:04:15 IST" skipped="0">
  <testcase classname="test.TestCase13" name="newcouponcode" time="40.886"/>
  <system-out>
    <![CDATA[Test case is sucess generated by listeneres]]>
  </system-out>
</testsuite> <!-- test.TestCase13 -->
