<?xml version="1.0" encoding="UTF-8"?>
<!-- Generated by org.testng.reporters.JUnitReportReporter -->
<testsuite hostname="DESKTOP-I61EELI" failures="0" tests="1" name="test.TestCase5" time="53.553" errors="0" timestamp="2024-12-12T12:46:18 IST" skipped="0">
  <testcase classname="test.TestCase5" name="searchproducts" time="53.553"/>
  <system-out>
    <![CDATA[Test case is sucess generated by listeneres]]>
  </system-out>
</testsuite> <!-- test.TestCase5 -->
