<?xml version="1.0" encoding="UTF-8"?>
<!-- Generated by org.testng.reporters.JUnitReportReporter -->
<testsuite hostname="DESKTOP-I61EELI" failures="0" tests="1" name="test.TestCase9" time="58.665" errors="0" timestamp="2024-12-12T23:36:09 IST" skipped="0">
  <testcase classname="test.TestCase9" name="newaddtocart" time="58.665"/>
  <system-out>
    <![CDATA[Test case is sucess generated by listeneres]]>
  </system-out>
</testsuite> <!-- test.TestCase9 -->
