<?xml version="1.0" encoding="UTF-8"?>
<!-- Generated by org.testng.reporters.JUnitReportReporter -->
<testsuite hostname="DESKTOP-I61EELI" failures="0" tests="1" name="test.TestCase2" time="38.532" errors="0" timestamp="2024-12-14T21:33:23 IST" skipped="0">
  <testcase classname="test.TestCase2" name="Loginsuccessfull" time="38.532"/>
  <system-out>
    <![CDATA[Test case is sucess generated by listeneres]]>
  </system-out>
</testsuite> <!-- test.TestCase2 -->
