<?xml version="1.0" encoding="UTF-8"?>
<!-- Generated by org.testng.reporters.JUnitReportReporter -->
<testsuite hostname="DESKTOP-I61EELI" failures="0" tests="1" name="test.TestCase10" time="50.342" errors="0" timestamp="2024-12-13T11:31:18 IST" skipped="0">
  <testcase classname="test.TestCase10" name="updatingRemovingItem" time="50.342"/>
  <system-out>
    <![CDATA[Test case is sucess generated by listeneres]]>
  </system-out>
</testsuite> <!-- test.TestCase10 -->
