<?xml version="1.0" encoding="UTF-8"?>
<!-- Generated by org.testng.reporters.JUnitReportReporter -->
<testsuite hostname="DESKTOP-I61EELI" failures="0" tests="1" name="test.TestCase8" time="66.298" errors="0" timestamp="2024-12-13T22:46:15 IST" skipped="0">
  <testcase classname="test.TestCase8" name="newrating" time="66.298"/>
  <system-out>
    <![CDATA[Test case is sucess generated by listeneres]]>
  </system-out>
</testsuite> <!-- test.TestCase8 -->
