<?xml version="1.0" encoding="UTF-8"?>
<!-- Generated by org.testng.reporters.JUnitReportReporter -->
<testsuite hostname="DESKTOP-I61EELI" failures="0" tests="1" name="test.TestCase7" time="36.486" errors="0" timestamp="2024-12-13T11:34:49 IST" skipped="0">
  <testcase classname="test.TestCase7" name="productdetails" time="36.486"/>
  <system-out>
    <![CDATA[Test case is sucess generated by listeneres]]>
  </system-out>
</testsuite> <!-- test.TestCase7 -->
