<?xml version="1.0" encoding="UTF-8"?>
<!-- Generated by org.testng.reporters.JUnitReportReporter -->
<testsuite hostname="DESKTOP-I61EELI" failures="0" tests="1" name="test.TestCase15" time="51.811" errors="0" timestamp="2024-12-13T21:57:24 IST" skipped="0">
  <testcase classname="test.TestCase15" name="cartpage" time="51.811"/>
  <system-out>
    <![CDATA[Test case is sucess generated by listeneres]]>
  </system-out>
</testsuite> <!-- test.TestCase15 -->
